2019/05/11 18:35:11 Starting cygwin install, version 2.897
2019/05/11 18:35:11 User has backup/restore rights
2019/05/11 18:35:11 Current Directory: C:\Users\Elsacoding\Downloads
2019/05/11 18:35:11 Could not open service McShield for query, start and stop. McAfee may not be installed, or we don't have access.
2019/05/11 18:35:15 source: network install
2019/05/11 18:36:23 root: C:\Users\Elsacoding\Documents\GitHub\PFSA\MinGW system
2019/05/11 18:36:24 Selected local directory: C:\Users\Elsacoding\Downloads
2019/05/11 18:36:36 net: Preconfig
2019/05/11 18:36:41 site: http://cygwin.mirror.constant.com/
2019/05/11 18:36:41 HTTP status 404 fetching http://cygwin.mirror.constant.com/x86_64/setup.zst.sig
2019/05/11 18:36:41 HTTP status 404 fetching http://cygwin.mirror.constant.com/x86_64/setup.zst
2019/05/11 18:36:44 io_stream_cygfile: fopen(/etc/setup/timestamp) failed 2 No such file or directory
2019/05/11 18:36:44 io_stream_cygfile: fopen(/etc/setup/installed.db) failed 2 No such file or directory
2019/05/11 18:36:44 solving: 37 tasks, update: yes, use test packages: no
2019/05/11 18:39:30 solving: 73 tasks, update: no, use test packages: no
2019/05/11 18:39:30 Augmented Transaction List:
2019/05/11 18:39:30    0 install                                     base-cygwin               3.8-1
2019/05/11 18:39:30    1 install                                          cygwin             3.0.7-1
2019/05/11 18:39:30    2 install                                  libpopt-common              1.16-2
2019/05/11 18:39:30    3 install                                        terminfo     6.0-12.20171125
2019/05/11 18:39:30    4 install                                          tzdata             2018i-1
2019/05/11 18:39:30    5 install                                python-pip-wheel            19.0.3-1
2019/05/11 18:39:30    6 install                         python-setuptools-wheel            40.8.0-1
2019/05/11 18:39:30    7 install                                    cygwin-devel             3.0.7-1
2019/05/11 18:39:30    8 install                                  w32api-headers             5.0.4-1
2019/05/11 18:39:30    9 install                        windows-default-manifest               6.4-1
2019/05/11 18:39:30   10 install                                      libatomic1             7.4.0-1
2019/05/11 18:39:30   11 install                                    libsqlite3_0            3.27.2-1
2019/05/11 18:39:30   12 install                                       libexpat1             2.2.6-1
2019/05/11 18:39:30   13 install                                       libcrypt0               2.1-1
2019/05/11 18:39:30   14 install                                     libpkgconf3             1.6.0-1
2019/05/11 18:39:30   15 install                                           zlib0            1.2.11-1
2019/05/11 18:39:30   16 install                                           which              2.20-2
2019/05/11 18:39:30   17 install                                             run             1.3.4-2
2019/05/11 18:39:30   18 install                                          mintty             3.0.0-1
2019/05/11 18:39:30   19 install                                           login              1.13-1
2019/05/11 18:39:30   20 install                                      libtasn1_6              4.13-1
2019/05/11 18:39:30   21 install                                     libsigsegv2              2.10-2
2019/05/11 18:39:30   22 install                                    libpipeline1             1.4.0-1
2019/05/11 18:39:30   23 install                                        libpcre1              8.43-1
2019/05/11 18:39:30   24 install                                        liblzma5             5.2.3-1
2019/05/11 18:39:30   25 install                                       libiconv2              1.14-3
2019/05/11 18:39:30   26 install                                        libgmp10             6.1.2-1
2019/05/11 18:39:30   27 install                                         libgcc1             7.4.0-1
2019/05/11 18:39:30   28 install                                         libffi6             3.2.1-2
2019/05/11 18:39:30   29 install                                        libbz2_1             1.0.6-3
2019/05/11 18:39:30   30 install                                         libargp          20110921-3
2019/05/11 18:39:30   31 install                                       ipc-utils               1.0-2
2019/05/11 18:39:30   32 install                                        hostname              3.13-1
2019/05/11 18:39:30   33 install                                      editrights              1.03-1
2019/05/11 18:39:30   34 install                                            dash           0.5.9.1-1
2019/05/11 18:39:30   35 install                                   libncursesw10     6.0-12.20171125
2019/05/11 18:39:30   36 install                                  w32api-runtime             5.0.4-1
2019/05/11 18:39:30   37 install                                         pkgconf             1.6.0-1
2019/05/11 18:39:30   38 install                                            file              5.32-1
2019/05/11 18:39:30   39 install                                        libintl8          0.19.8.1-2
2019/05/11 18:39:30   40 install                                        libisl15            0.16.1-1
2019/05/11 18:39:30   41 install                                    libquadmath0             7.4.0-1
2019/05/11 18:39:30   42 install                                        libgomp1             7.4.0-1
2019/05/11 18:39:30   43 install                                      libstdc++6             7.4.0-1
2019/05/11 18:39:30   44 install                                        libmpfr6             4.0.2-1
2019/05/11 18:39:30   45 install                                          getent           2.18.90-4
2019/05/11 18:39:30   46 install                                     _autorebase            001007-1
2019/05/11 18:39:30   47 install                                     vim-minimal          8.1.1240-1
2019/05/11 18:39:30   48 install                                         ncurses     6.0-12.20171125
2019/05/11 18:39:30   49 install                                    libreadline7             7.0.3-3
2019/05/11 18:39:30   50 install                                            less               530-1
2019/05/11 18:39:30   51 install                                        binutils              2.29-1
2019/05/11 18:39:30   52 install                                             sed               4.4-1
2019/05/11 18:39:30   53 install                                        libuuid1            2.33.1-1
2019/05/11 18:39:30   54 install                                   libsmartcols1            2.33.1-1
2019/05/11 18:39:30   55 install                                        libpopt0              1.16-2
2019/05/11 18:39:30   56 install                                     libp11-kit0           0.23.15-1
2019/05/11 18:39:30   57 install                                        libiconv              1.14-3
2019/05/11 18:39:30   58 install                                        libgdbm4              1.12-1
2019/05/11 18:39:30   59 install                                        libattr1            2.4.48-2
2019/05/11 18:39:30   60 install                                            info               6.6-1
2019/05/11 18:39:30   61 install                                       diffutils               3.5-2
2019/05/11 18:39:30   62 install                                    alternatives          1.3.30c-10
2019/05/11 18:39:30   63 install                                         libmpc3             1.1.0-1
2019/05/11 18:39:30   64 install                                            gawk             5.0.0-1
2019/05/11 18:39:30   65 install                                       libblkid1            2.33.1-1
2019/05/11 18:39:30   66 install                                        cygutils            1.4.16-2
2019/05/11 18:39:30   67 install                                   p11-kit-trust           0.23.15-1
2019/05/11 18:39:30   68 install                                         p11-kit           0.23.15-1
2019/05/11 18:39:30   69 install                                       coreutils              8.26-2
2019/05/11 18:39:30   70 install                                       libfdisk1            2.33.1-1
2019/05/11 18:39:30   71 install                                            bash            4.4.12-3
2019/05/11 18:39:30   72 install                                      util-linux            2.33.1-1
2019/05/11 18:39:30   73 install                                          tzcode             2018i-1
2019/05/11 18:39:30   74 install                                        gcc-core             7.4.0-1
2019/05/11 18:39:30   75 install                                      pkg-config             1.6.0-1
2019/05/11 18:39:30   76 install                                              xz             5.2.3-1
2019/05/11 18:39:30   77 install                                            gzip               1.8-1
2019/05/11 18:39:30   78 install                                           groff            1.22.4-1
2019/05/11 18:39:30   79 install                                            grep               3.0-2
2019/05/11 18:39:30   80 install                                       findutils             4.6.0-1
2019/05/11 18:39:30   81 install                                 crypto-policies          20190218-1
2019/05/11 18:39:30   82 install                                 ca-certificates              2.30-1
2019/05/11 18:39:30   83 install                                           bzip2             1.0.6-3
2019/05/11 18:39:30   84 install                                         gcc-g++             7.4.0-1
2019/05/11 18:39:30   85 install                                   libuuid-devel            2.33.1-1
2019/05/11 18:39:30   86 install                                          man-db           2.7.6.1-1
2019/05/11 18:39:30   87 install                                          rebase             4.4.4-1
2019/05/11 18:39:30   88 install                                      base-files               4.3-2
2019/05/11 18:39:30   89 install                                       libssl1.0            1.0.2r-2
2019/05/11 18:39:30   90 install                                       libssl1.1            1.1.1b-1
2019/05/11 18:39:30   91 install                                             tar              1.29-1
2019/05/11 18:39:30   92 install                                        python36             3.6.8-1
2019/05/11 18:39:30   93 install                                         openssl            1.1.1b-1
2019/05/11 18:39:30   94 install                             python36-setuptools            40.8.0-1
2019/05/11 18:39:30   95 install                                  python36-devel             3.6.8-1
2019/05/11 18:39:34 Downloaded C:\Users\Elsacoding\Downloads/http%3a%2f%2fcygwin.mirror.constant.com%2f/x86_64/release/cygwin/cygwin-3.0.7-1.tar.xz
2019/05/11 18:39:34 Downloaded C:\Users\Elsacoding\Downloads/http%3a%2f%2fcygwin.mirror.constant.com%2f/noarch/release/python-pip/python-pip-wheel/python-pip-wheel-19.0.3-1.tar.xz
2019/05/11 18:39:34 Downloaded C:\Users\Elsacoding\Downloads/http%3a%2f%2fcygwin.mirror.constant.com%2f/noarch/release/python-setuptools/python-setuptools-wheel/python-setuptools-wheel-40.8.0-1.tar.xz
2019/05/11 18:39:34 Downloaded C:\Users\Elsacoding\Downloads/http%3a%2f%2fcygwin.mirror.constant.com%2f/x86_64/release/cygwin/cygwin-devel/cygwin-devel-3.0.7-1.tar.xz
2019/05/11 18:39:35 Downloaded C:\Users\Elsacoding\Downloads/http%3a%2f%2fcygwin.mirror.constant.com%2f/x86_64/release/w32api-headers/w32api-headers-5.0.4-1.tar.xz
2019/05/11 18:39:35 Downloaded C:\Users\Elsacoding\Downloads/http%3a%2f%2fcygwin.mirror.constant.com%2f/x86_64/release/windows-default-manifest/windows-default-manifest-6.4-1.tar.xz
2019/05/11 18:39:35 Downloaded C:\Users\Elsacoding\Downloads/http%3a%2f%2fcygwin.mirror.constant.com%2f/x86_64/release/gcc/libatomic1/libatomic1-7.4.0-1.tar.xz
2019/05/11 18:39:35 Downloaded C:\Users\Elsacoding\Downloads/http%3a%2f%2fcygwin.mirror.constant.com%2f/x86_64/release/sqlite3/libsqlite3_0/libsqlite3_0-3.27.2-1.tar.xz
2019/05/11 18:39:35 Downloaded C:\Users\Elsacoding\Downloads/http%3a%2f%2fcygwin.mirror.constant.com%2f/x86_64/release/expat/libexpat1/libexpat1-2.2.6-1.tar.xz
2019/05/11 18:39:35 Downloaded C:\Users\Elsacoding\Downloads/http%3a%2f%2fcygwin.mirror.constant.com%2f/x86_64/release/crypt/libcrypt0/libcrypt0-2.1-1.tar.xz
2019/05/11 18:39:35 Downloaded C:\Users\Elsacoding\Downloads/http%3a%2f%2fcygwin.mirror.constant.com%2f/x86_64/release/pkgconf/libpkgconf3/libpkgconf3-1.6.0-1.tar.xz
2019/05/11 18:39:36 Downloaded C:\Users\Elsacoding\Downloads/http%3a%2f%2fcygwin.mirror.constant.com%2f/x86_64/release/w32api-runtime/w32api-runtime-5.0.4-1.tar.xz
2019/05/11 18:39:36 Downloaded C:\Users\Elsacoding\Downloads/http%3a%2f%2fcygwin.mirror.constant.com%2f/x86_64/release/pkgconf/pkgconf-1.6.0-1.tar.xz
2019/05/11 18:39:36 Downloaded C:\Users\Elsacoding\Downloads/http%3a%2f%2fcygwin.mirror.constant.com%2f/x86_64/release/isl/libisl15/libisl15-0.16.1-1.tar.xz
2019/05/11 18:39:36 Downloaded C:\Users\Elsacoding\Downloads/http%3a%2f%2fcygwin.mirror.constant.com%2f/x86_64/release/gcc/libquadmath0/libquadmath0-7.4.0-1.tar.xz
2019/05/11 18:39:36 Downloaded C:\Users\Elsacoding\Downloads/http%3a%2f%2fcygwin.mirror.constant.com%2f/x86_64/release/gcc/libgomp1/libgomp1-7.4.0-1.tar.xz
2019/05/11 18:39:36 Downloaded C:\Users\Elsacoding\Downloads/http%3a%2f%2fcygwin.mirror.constant.com%2f/x86_64/release/vim/vim-minimal/vim-minimal-8.1.1240-1.tar.xz
2019/05/11 18:39:36 Downloaded C:\Users\Elsacoding\Downloads/http%3a%2f%2fcygwin.mirror.constant.com%2f/x86_64/release/binutils/binutils-2.29-1.tar.xz
2019/05/11 18:39:37 Downloaded C:\Users\Elsacoding\Downloads/http%3a%2f%2fcygwin.mirror.constant.com%2f/x86_64/release/mpclib/libmpc3/libmpc3-1.1.0-1.tar.xz
2019/05/11 18:39:38 Downloaded C:\Users\Elsacoding\Downloads/http%3a%2f%2fcygwin.mirror.constant.com%2f/x86_64/release/gcc/gcc-core/gcc-core-7.4.0-1.tar.xz
2019/05/11 18:39:38 Downloaded C:\Users\Elsacoding\Downloads/http%3a%2f%2fcygwin.mirror.constant.com%2f/x86_64/release/pkgconf/pkg-config/pkg-config-1.6.0-1.tar.xz
2019/05/11 18:39:38 Downloaded C:\Users\Elsacoding\Downloads/http%3a%2f%2fcygwin.mirror.constant.com%2f/noarch/release/ca-certificates/ca-certificates-2.30-1.tar.xz
2019/05/11 18:39:38 Downloaded C:\Users\Elsacoding\Downloads/http%3a%2f%2fcygwin.mirror.constant.com%2f/x86_64/release/gcc/gcc-g++/gcc-g++-7.4.0-1.tar.xz
2019/05/11 18:39:39 Downloaded C:\Users\Elsacoding\Downloads/http%3a%2f%2fcygwin.mirror.constant.com%2f/x86_64/release/util-linux/libuuid-devel/libuuid-devel-2.33.1-1.tar.xz
2019/05/11 18:39:39 Downloaded C:\Users\Elsacoding\Downloads/http%3a%2f%2fcygwin.mirror.constant.com%2f/noarch/release/base-files/base-files-4.3-2.tar.xz
2019/05/11 18:39:39 Downloaded C:\Users\Elsacoding\Downloads/http%3a%2f%2fcygwin.mirror.constant.com%2f/x86_64/release/openssl10/libssl1.0/libssl1.0-1.0.2r-2.tar.xz
2019/05/11 18:39:39 Downloaded C:\Users\Elsacoding\Downloads/http%3a%2f%2fcygwin.mirror.constant.com%2f/x86_64/release/python36/python36-3.6.8-1.tar.xz
2019/05/11 18:39:39 Downloaded C:\Users\Elsacoding\Downloads/http%3a%2f%2fcygwin.mirror.constant.com%2f/noarch/release/python-setuptools/python36-setuptools/python36-setuptools-40.8.0-1.tar.xz
2019/05/11 18:39:39 Downloaded C:\Users\Elsacoding\Downloads/http%3a%2f%2fcygwin.mirror.constant.com%2f/x86_64/release/python36/python36-devel/python36-devel-3.6.8-1.tar.xz
2019/05/11 18:39:39 Extracting from file://C:\Users\Elsacoding\Downloads/http%3a%2f%2fcygwin.mirror.constant.com%2f/noarch/release/base-cygwin/base-cygwin-3.8-1.tar.xz
2019/05/11 18:39:40 Extracting from file://C:\Users\Elsacoding\Downloads/http%3a%2f%2fcygwin.mirror.constant.com%2f/x86_64/release/cygwin/cygwin-3.0.7-1.tar.xz
2019/05/11 18:39:40 Extracting from file://C:\Users\Elsacoding\Downloads/http%3a%2f%2fcygwin.mirror.constant.com%2f/x86_64/release/popt/libpopt-common/libpopt-common-1.16-2.tar.xz
2019/05/11 18:39:40 Extracting from file://C:\Users\Elsacoding\Downloads/http%3a%2f%2fcygwin.mirror.constant.com%2f/x86_64/release/ncurses/terminfo/terminfo-6.0-12.20171125.tar.xz
2019/05/11 18:39:40 Extracting from file://C:\Users\Elsacoding\Downloads/http%3a%2f%2fcygwin.mirror.constant.com%2f/noarch/release/tzdata/tzdata-2018i-1.tar.xz
2019/05/11 18:39:43 Extracting from file://C:\Users\Elsacoding\Downloads/http%3a%2f%2fcygwin.mirror.constant.com%2f/noarch/release/python-pip/python-pip-wheel/python-pip-wheel-19.0.3-1.tar.xz
2019/05/11 18:39:43 Extracting from file://C:\Users\Elsacoding\Downloads/http%3a%2f%2fcygwin.mirror.constant.com%2f/noarch/release/python-setuptools/python-setuptools-wheel/python-setuptools-wheel-40.8.0-1.tar.xz
2019/05/11 18:39:43 Extracting from file://C:\Users\Elsacoding\Downloads/http%3a%2f%2fcygwin.mirror.constant.com%2f/x86_64/release/cygwin/cygwin-devel/cygwin-devel-3.0.7-1.tar.xz
2019/05/11 18:39:44 Extracting from file://C:\Users\Elsacoding\Downloads/http%3a%2f%2fcygwin.mirror.constant.com%2f/x86_64/release/w32api-headers/w32api-headers-5.0.4-1.tar.xz
2019/05/11 18:39:47 Extracting from file://C:\Users\Elsacoding\Downloads/http%3a%2f%2fcygwin.mirror.constant.com%2f/x86_64/release/windows-default-manifest/windows-default-manifest-6.4-1.tar.xz
2019/05/11 18:39:47 Extracting from file://C:\Users\Elsacoding\Downloads/http%3a%2f%2fcygwin.mirror.constant.com%2f/x86_64/release/gcc/libatomic1/libatomic1-7.4.0-1.tar.xz
2019/05/11 18:39:47 Extracting from file://C:\Users\Elsacoding\Downloads/http%3a%2f%2fcygwin.mirror.constant.com%2f/x86_64/release/sqlite3/libsqlite3_0/libsqlite3_0-3.27.2-1.tar.xz
2019/05/11 18:39:47 Extracting from file://C:\Users\Elsacoding\Downloads/http%3a%2f%2fcygwin.mirror.constant.com%2f/x86_64/release/expat/libexpat1/libexpat1-2.2.6-1.tar.xz
2019/05/11 18:39:47 Extracting from file://C:\Users\Elsacoding\Downloads/http%3a%2f%2fcygwin.mirror.constant.com%2f/x86_64/release/crypt/libcrypt0/libcrypt0-2.1-1.tar.xz
2019/05/11 18:39:47 Extracting from file://C:\Users\Elsacoding\Downloads/http%3a%2f%2fcygwin.mirror.constant.com%2f/x86_64/release/pkgconf/libpkgconf3/libpkgconf3-1.6.0-1.tar.xz
2019/05/11 18:39:47 Extracting from file://C:\Users\Elsacoding\Downloads/http%3a%2f%2fcygwin.mirror.constant.com%2f/x86_64/release/zlib/zlib0/zlib0-1.2.11-1.tar.xz
2019/05/11 18:39:47 Extracting from file://C:\Users\Elsacoding\Downloads/http%3a%2f%2fcygwin.mirror.constant.com%2f/x86_64/release/which/which-2.20-2.tar.bz2
2019/05/11 18:39:47 Extracting from file://C:\Users\Elsacoding\Downloads/http%3a%2f%2fcygwin.mirror.constant.com%2f/x86_64/release/run/run-1.3.4-2.tar.xz
2019/05/11 18:39:47 Extracting from file://C:\Users\Elsacoding\Downloads/http%3a%2f%2fcygwin.mirror.constant.com%2f/x86_64/release/mintty/mintty-3.0.0-1.tar.xz
2019/05/11 18:39:47 Extracting from file://C:\Users\Elsacoding\Downloads/http%3a%2f%2fcygwin.mirror.constant.com%2f/x86_64/release/login/login-1.13-1.tar.xz
2019/05/11 18:39:47 Extracting from file://C:\Users\Elsacoding\Downloads/http%3a%2f%2fcygwin.mirror.constant.com%2f/x86_64/release/libtasn1/libtasn1_6/libtasn1_6-4.13-1.tar.xz
2019/05/11 18:39:47 Extracting from file://C:\Users\Elsacoding\Downloads/http%3a%2f%2fcygwin.mirror.constant.com%2f/x86_64/release/libsigsegv/libsigsegv2/libsigsegv2-2.10-2.tar.xz
2019/05/11 18:39:47 Extracting from file://C:\Users\Elsacoding\Downloads/http%3a%2f%2fcygwin.mirror.constant.com%2f/x86_64/release/libpipeline/libpipeline1/libpipeline1-1.4.0-1.tar.xz
2019/05/11 18:39:47 Extracting from file://C:\Users\Elsacoding\Downloads/http%3a%2f%2fcygwin.mirror.constant.com%2f/x86_64/release/pcre/libpcre1/libpcre1-8.43-1.tar.xz
2019/05/11 18:39:47 Extracting from file://C:\Users\Elsacoding\Downloads/http%3a%2f%2fcygwin.mirror.constant.com%2f/x86_64/release/xz/liblzma5/liblzma5-5.2.3-1.tar.xz
2019/05/11 18:39:47 Extracting from file://C:\Users\Elsacoding\Downloads/http%3a%2f%2fcygwin.mirror.constant.com%2f/x86_64/release/libiconv/libiconv2/libiconv2-1.14-3.tar.xz
2019/05/11 18:39:47 Extracting from file://C:\Users\Elsacoding\Downloads/http%3a%2f%2fcygwin.mirror.constant.com%2f/x86_64/release/gmp/libgmp10/libgmp10-6.1.2-1.tar.xz
2019/05/11 18:39:47 Extracting from file://C:\Users\Elsacoding\Downloads/http%3a%2f%2fcygwin.mirror.constant.com%2f/x86_64/release/gcc/libgcc1/libgcc1-7.4.0-1.tar.xz
2019/05/11 18:39:47 Extracting from file://C:\Users\Elsacoding\Downloads/http%3a%2f%2fcygwin.mirror.constant.com%2f/x86_64/release/libffi/libffi6/libffi6-3.2.1-2.tar.xz
2019/05/11 18:39:47 Extracting from file://C:\Users\Elsacoding\Downloads/http%3a%2f%2fcygwin.mirror.constant.com%2f/x86_64/release/bzip2/libbz2_1/libbz2_1-1.0.6-3.tar.xz
2019/05/11 18:39:47 Extracting from file://C:\Users\Elsacoding\Downloads/http%3a%2f%2fcygwin.mirror.constant.com%2f/x86_64/release/libargp/libargp-20110921-3.tar.xz
2019/05/11 18:39:47 Extracting from file://C:\Users\Elsacoding\Downloads/http%3a%2f%2fcygwin.mirror.constant.com%2f/x86_64/release/ipc-utils/ipc-utils-1.0-2.tar.bz2
2019/05/11 18:39:47 Extracting from file://C:\Users\Elsacoding\Downloads/http%3a%2f%2fcygwin.mirror.constant.com%2f/x86_64/release/hostname/hostname-3.13-1.tar.bz2
2019/05/11 18:39:47 Extracting from file://C:\Users\Elsacoding\Downloads/http%3a%2f%2fcygwin.mirror.constant.com%2f/x86_64/release/editrights/editrights-1.03-1.tar.xz
2019/05/11 18:39:47 Extracting from file://C:\Users\Elsacoding\Downloads/http%3a%2f%2fcygwin.mirror.constant.com%2f/x86_64/release/dash/dash-0.5.9.1-1.tar.xz
2019/05/11 18:39:47 Extracting from file://C:\Users\Elsacoding\Downloads/http%3a%2f%2fcygwin.mirror.constant.com%2f/x86_64/release/ncurses/libncursesw10/libncursesw10-6.0-12.20171125.tar.xz
2019/05/11 18:39:47 Extracting from file://C:\Users\Elsacoding\Downloads/http%3a%2f%2fcygwin.mirror.constant.com%2f/x86_64/release/w32api-runtime/w32api-runtime-5.0.4-1.tar.xz
2019/05/11 18:39:50 Extracting from file://C:\Users\Elsacoding\Downloads/http%3a%2f%2fcygwin.mirror.constant.com%2f/x86_64/release/pkgconf/pkgconf-1.6.0-1.tar.xz
2019/05/11 18:39:50 Extracting from file://C:\Users\Elsacoding\Downloads/http%3a%2f%2fcygwin.mirror.constant.com%2f/x86_64/release/file/file-5.32-1.tar.xz
2019/05/11 18:39:50 Extracting from file://C:\Users\Elsacoding\Downloads/http%3a%2f%2fcygwin.mirror.constant.com%2f/x86_64/release/gettext/libintl8/libintl8-0.19.8.1-2.tar.xz
2019/05/11 18:39:50 Extracting from file://C:\Users\Elsacoding\Downloads/http%3a%2f%2fcygwin.mirror.constant.com%2f/x86_64/release/isl/libisl15/libisl15-0.16.1-1.tar.xz
2019/05/11 18:39:50 Extracting from file://C:\Users\Elsacoding\Downloads/http%3a%2f%2fcygwin.mirror.constant.com%2f/x86_64/release/gcc/libquadmath0/libquadmath0-7.4.0-1.tar.xz
2019/05/11 18:39:50 Extracting from file://C:\Users\Elsacoding\Downloads/http%3a%2f%2fcygwin.mirror.constant.com%2f/x86_64/release/gcc/libgomp1/libgomp1-7.4.0-1.tar.xz
2019/05/11 18:39:50 Extracting from file://C:\Users\Elsacoding\Downloads/http%3a%2f%2fcygwin.mirror.constant.com%2f/x86_64/release/gcc/libstdc++6/libstdc++6-7.4.0-1.tar.xz
2019/05/11 18:39:50 Extracting from file://C:\Users\Elsacoding\Downloads/http%3a%2f%2fcygwin.mirror.constant.com%2f/x86_64/release/mpfr/libmpfr6/libmpfr6-4.0.2-1.tar.xz
2019/05/11 18:39:50 Extracting from file://C:\Users\Elsacoding\Downloads/http%3a%2f%2fcygwin.mirror.constant.com%2f/x86_64/release/getent/getent-2.18.90-4.tar.xz
2019/05/11 18:39:50 Extracting from file://C:\Users\Elsacoding\Downloads/http%3a%2f%2fcygwin.mirror.constant.com%2f/noarch/release/_autorebase/_autorebase-001007-1.tar.xz
2019/05/11 18:39:50 Extracting from file://C:\Users\Elsacoding\Downloads/http%3a%2f%2fcygwin.mirror.constant.com%2f/x86_64/release/vim/vim-minimal/vim-minimal-8.1.1240-1.tar.xz
2019/05/11 18:39:51 Extracting from file://C:\Users\Elsacoding\Downloads/http%3a%2f%2fcygwin.mirror.constant.com%2f/x86_64/release/ncurses/ncurses-6.0-12.20171125.tar.xz
2019/05/11 18:39:51 Extracting from file://C:\Users\Elsacoding\Downloads/http%3a%2f%2fcygwin.mirror.constant.com%2f/x86_64/release/readline/libreadline7/libreadline7-7.0.3-3.tar.xz
2019/05/11 18:39:51 Extracting from file://C:\Users\Elsacoding\Downloads/http%3a%2f%2fcygwin.mirror.constant.com%2f/x86_64/release/less/less-530-1.tar.xz
2019/05/11 18:39:51 Extracting from file://C:\Users\Elsacoding\Downloads/http%3a%2f%2fcygwin.mirror.constant.com%2f/x86_64/release/binutils/binutils-2.29-1.tar.xz
2019/05/11 18:39:52 Extracting from file://C:\Users\Elsacoding\Downloads/http%3a%2f%2fcygwin.mirror.constant.com%2f/x86_64/release/sed/sed-4.4-1.tar.xz
2019/05/11 18:39:52 Extracting from file://C:\Users\Elsacoding\Downloads/http%3a%2f%2fcygwin.mirror.constant.com%2f/x86_64/release/util-linux/libuuid1/libuuid1-2.33.1-1.tar.xz
2019/05/11 18:39:52 Extracting from file://C:\Users\Elsacoding\Downloads/http%3a%2f%2fcygwin.mirror.constant.com%2f/x86_64/release/util-linux/libsmartcols1/libsmartcols1-2.33.1-1.tar.xz
2019/05/11 18:39:52 Extracting from file://C:\Users\Elsacoding\Downloads/http%3a%2f%2fcygwin.mirror.constant.com%2f/x86_64/release/popt/libpopt0/libpopt0-1.16-2.tar.xz
2019/05/11 18:39:52 Extracting from file://C:\Users\Elsacoding\Downloads/http%3a%2f%2fcygwin.mirror.constant.com%2f/x86_64/release/p11-kit/libp11-kit0/libp11-kit0-0.23.15-1.tar.xz
2019/05/11 18:39:52 Extracting from file://C:\Users\Elsacoding\Downloads/http%3a%2f%2fcygwin.mirror.constant.com%2f/x86_64/release/libiconv/libiconv-1.14-3.tar.xz
2019/05/11 18:39:53 Extracting from file://C:\Users\Elsacoding\Downloads/http%3a%2f%2fcygwin.mirror.constant.com%2f/x86_64/release/gdbm/libgdbm4/libgdbm4-1.12-1.tar.xz
2019/05/11 18:39:53 Extracting from file://C:\Users\Elsacoding\Downloads/http%3a%2f%2fcygwin.mirror.constant.com%2f/x86_64/release/attr/libattr1/libattr1-2.4.48-2.tar.xz
2019/05/11 18:39:53 Extracting from file://C:\Users\Elsacoding\Downloads/http%3a%2f%2fcygwin.mirror.constant.com%2f/x86_64/release/texinfo/info/info-6.6-1.tar.xz
2019/05/11 18:39:53 Extracting from file://C:\Users\Elsacoding\Downloads/http%3a%2f%2fcygwin.mirror.constant.com%2f/x86_64/release/diffutils/diffutils-3.5-2.tar.xz
2019/05/11 18:39:53 Extracting from file://C:\Users\Elsacoding\Downloads/http%3a%2f%2fcygwin.mirror.constant.com%2f/x86_64/release/alternatives/alternatives-1.3.30c-10.tar.bz2
2019/05/11 18:39:53 Extracting from file://C:\Users\Elsacoding\Downloads/http%3a%2f%2fcygwin.mirror.constant.com%2f/x86_64/release/mpclib/libmpc3/libmpc3-1.1.0-1.tar.xz
2019/05/11 18:39:53 Extracting from file://C:\Users\Elsacoding\Downloads/http%3a%2f%2fcygwin.mirror.constant.com%2f/x86_64/release/gawk/gawk-5.0.0-1.tar.xz
2019/05/11 18:39:54 Extracting from file://C:\Users\Elsacoding\Downloads/http%3a%2f%2fcygwin.mirror.constant.com%2f/x86_64/release/util-linux/libblkid1/libblkid1-2.33.1-1.tar.xz
2019/05/11 18:39:54 Extracting from file://C:\Users\Elsacoding\Downloads/http%3a%2f%2fcygwin.mirror.constant.com%2f/x86_64/release/cygutils/cygutils-1.4.16-2.tar.xz
2019/05/11 18:39:54 Extracting from file://C:\Users\Elsacoding\Downloads/http%3a%2f%2fcygwin.mirror.constant.com%2f/x86_64/release/p11-kit/p11-kit-trust/p11-kit-trust-0.23.15-1.tar.xz
2019/05/11 18:39:54 Extracting from file://C:\Users\Elsacoding\Downloads/http%3a%2f%2fcygwin.mirror.constant.com%2f/x86_64/release/p11-kit/p11-kit-0.23.15-1.tar.xz
2019/05/11 18:39:54 Extracting from file://C:\Users\Elsacoding\Downloads/http%3a%2f%2fcygwin.mirror.constant.com%2f/x86_64/release/coreutils/coreutils-8.26-2.tar.xz
2019/05/11 18:39:55 Extracting from file://C:\Users\Elsacoding\Downloads/http%3a%2f%2fcygwin.mirror.constant.com%2f/x86_64/release/util-linux/libfdisk1/libfdisk1-2.33.1-1.tar.xz
2019/05/11 18:39:55 Extracting from file://C:\Users\Elsacoding\Downloads/http%3a%2f%2fcygwin.mirror.constant.com%2f/x86_64/release/bash/bash-4.4.12-3.tar.xz
2019/05/11 18:39:56 Extracting from file://C:\Users\Elsacoding\Downloads/http%3a%2f%2fcygwin.mirror.constant.com%2f/x86_64/release/util-linux/util-linux-2.33.1-1.tar.xz
2019/05/11 18:39:56 Extracting from file://C:\Users\Elsacoding\Downloads/http%3a%2f%2fcygwin.mirror.constant.com%2f/x86_64/release/tzcode/tzcode-2018i-1.tar.xz
2019/05/11 18:39:56 Extracting from file://C:\Users\Elsacoding\Downloads/http%3a%2f%2fcygwin.mirror.constant.com%2f/x86_64/release/gcc/gcc-core/gcc-core-7.4.0-1.tar.xz
2019/05/11 18:39:58 Extracting from file://C:\Users\Elsacoding\Downloads/http%3a%2f%2fcygwin.mirror.constant.com%2f/x86_64/release/pkgconf/pkg-config/pkg-config-1.6.0-1.tar.xz
2019/05/11 18:39:58 Extracting from file://C:\Users\Elsacoding\Downloads/http%3a%2f%2fcygwin.mirror.constant.com%2f/x86_64/release/xz/xz-5.2.3-1.tar.xz
2019/05/11 18:39:58 Extracting from file://C:\Users\Elsacoding\Downloads/http%3a%2f%2fcygwin.mirror.constant.com%2f/x86_64/release/gzip/gzip-1.8-1.tar.xz
2019/05/11 18:39:58 Extracting from file://C:\Users\Elsacoding\Downloads/http%3a%2f%2fcygwin.mirror.constant.com%2f/x86_64/release/groff/groff-1.22.4-1.tar.xz
2019/05/11 18:40:00 Extracting from file://C:\Users\Elsacoding\Downloads/http%3a%2f%2fcygwin.mirror.constant.com%2f/x86_64/release/grep/grep-3.0-2.tar.xz
2019/05/11 18:40:01 Extracting from file://C:\Users\Elsacoding\Downloads/http%3a%2f%2fcygwin.mirror.constant.com%2f/x86_64/release/findutils/findutils-4.6.0-1.tar.xz
2019/05/11 18:40:01 Extracting from file://C:\Users\Elsacoding\Downloads/http%3a%2f%2fcygwin.mirror.constant.com%2f/noarch/release/crypto-policies/crypto-policies-20190218-1.tar.xz
2019/05/11 18:40:01 Extracting from file://C:\Users\Elsacoding\Downloads/http%3a%2f%2fcygwin.mirror.constant.com%2f/noarch/release/ca-certificates/ca-certificates-2.30-1.tar.xz
2019/05/11 18:40:01 Extracting from file://C:\Users\Elsacoding\Downloads/http%3a%2f%2fcygwin.mirror.constant.com%2f/x86_64/release/bzip2/bzip2-1.0.6-3.tar.xz
2019/05/11 18:40:01 Extracting from file://C:\Users\Elsacoding\Downloads/http%3a%2f%2fcygwin.mirror.constant.com%2f/x86_64/release/gcc/gcc-g++/gcc-g++-7.4.0-1.tar.xz
2019/05/11 18:40:04 Extracting from file://C:\Users\Elsacoding\Downloads/http%3a%2f%2fcygwin.mirror.constant.com%2f/x86_64/release/util-linux/libuuid-devel/libuuid-devel-2.33.1-1.tar.xz
2019/05/11 18:40:04 Extracting from file://C:\Users\Elsacoding\Downloads/http%3a%2f%2fcygwin.mirror.constant.com%2f/x86_64/release/man-db/man-db-2.7.6.1-1.tar.xz
2019/05/11 18:40:05 Extracting from file://C:\Users\Elsacoding\Downloads/http%3a%2f%2fcygwin.mirror.constant.com%2f/x86_64/release/rebase/rebase-4.4.4-1.tar.xz
2019/05/11 18:40:05 Extracting from file://C:\Users\Elsacoding\Downloads/http%3a%2f%2fcygwin.mirror.constant.com%2f/noarch/release/base-files/base-files-4.3-2.tar.xz
2019/05/11 18:40:05 Extracting from file://C:\Users\Elsacoding\Downloads/http%3a%2f%2fcygwin.mirror.constant.com%2f/x86_64/release/openssl10/libssl1.0/libssl1.0-1.0.2r-2.tar.xz
2019/05/11 18:40:05 Extracting from file://C:\Users\Elsacoding\Downloads/http%3a%2f%2fcygwin.mirror.constant.com%2f/x86_64/release/openssl/libssl1.1/libssl1.1-1.1.1b-1.tar.xz
2019/05/11 18:40:05 Extracting from file://C:\Users\Elsacoding\Downloads/http%3a%2f%2fcygwin.mirror.constant.com%2f/x86_64/release/tar/tar-1.29-1.tar.xz
2019/05/11 18:40:06 Extracting from file://C:\Users\Elsacoding\Downloads/http%3a%2f%2fcygwin.mirror.constant.com%2f/x86_64/release/python36/python36-3.6.8-1.tar.xz
2019/05/11 18:40:12 Extracting from file://C:\Users\Elsacoding\Downloads/http%3a%2f%2fcygwin.mirror.constant.com%2f/x86_64/release/openssl/openssl-1.1.1b-1.tar.xz
2019/05/11 18:40:12 Extracting from file://C:\Users\Elsacoding\Downloads/http%3a%2f%2fcygwin.mirror.constant.com%2f/noarch/release/python-setuptools/python36-setuptools/python36-setuptools-40.8.0-1.tar.xz
2019/05/11 18:40:13 Extracting from file://C:\Users\Elsacoding\Downloads/http%3a%2f%2fcygwin.mirror.constant.com%2f/x86_64/release/python36/python36-devel/python36-devel-3.6.8-1.tar.xz
2019/05/11 18:40:13 Changing gid back to original
2019/05/11 18:40:13 running: C:\Users\Elsacoding\Documents\GitHub\PFSA\MinGW\bin\dash.exe "/etc/postinstall/0p_000_autorebase.dash"
2019/05/11 18:40:30 running: C:\Users\Elsacoding\Documents\GitHub\PFSA\MinGW\bin\dash.exe "/etc/postinstall/0p_update-info-dir.dash"
2019/05/11 18:40:34 running: C:\Users\Elsacoding\Documents\GitHub\PFSA\MinGW\bin\bash.exe --norc --noprofile "/etc/postinstall/000-cygwin-post-install.sh"
2019/05/11 18:40:34 running: C:\Users\Elsacoding\Documents\GitHub\PFSA\MinGW\bin\bash.exe --norc --noprofile "/etc/postinstall/coreutils.sh"
2019/05/11 18:40:35 running: C:\Users\Elsacoding\Documents\GitHub\PFSA\MinGW\bin\bash.exe --norc --noprofile "/etc/postinstall/bash.sh"
2019/05/11 18:40:35 running: C:\Users\Elsacoding\Documents\GitHub\PFSA\MinGW\bin\bash.exe --norc --noprofile "/etc/postinstall/base-files-mketc.sh"
2019/05/11 18:40:36 running: C:\Users\Elsacoding\Documents\GitHub\PFSA\MinGW\bin\bash.exe --norc --noprofile "/etc/postinstall/base-files-profile.sh"
2019/05/11 18:40:38 running: C:\Users\Elsacoding\Documents\GitHub\PFSA\MinGW\bin\bash.exe --norc --noprofile "/etc/postinstall/p11-kit.sh"
2019/05/11 18:40:38 running: C:\Users\Elsacoding\Documents\GitHub\PFSA\MinGW\bin\bash.exe --norc --noprofile "/etc/postinstall/ca-certificates.sh"
2019/05/11 18:40:39 running: C:\Users\Elsacoding\Documents\GitHub\PFSA\MinGW\bin\bash.exe --norc --noprofile "/etc/postinstall/crypto-policies.sh"
2019/05/11 18:40:43 running: C:\Users\Elsacoding\Documents\GitHub\PFSA\MinGW\bin\bash.exe --norc --noprofile "/etc/postinstall/openssl10.sh"
2019/05/11 18:40:43 running: C:\Users\Elsacoding\Documents\GitHub\PFSA\MinGW\bin\bash.exe --norc --noprofile "/etc/postinstall/openssl.sh"
2019/05/11 18:40:44 running: C:\Users\Elsacoding\Documents\GitHub\PFSA\MinGW\bin\bash.exe --norc --noprofile "/etc/postinstall/man-db.sh"
2019/05/11 18:40:44 running: C:\Users\Elsacoding\Documents\GitHub\PFSA\MinGW\bin\bash.exe --norc --noprofile "/etc/postinstall/mintty.sh"
2019/05/11 18:40:44 running: C:\Users\Elsacoding\Documents\GitHub\PFSA\MinGW\bin\bash.exe --norc --noprofile "/etc/postinstall/zp_man-db.sh"
2019/05/11 18:40:44 Changing gid to Administrators
2019/05/11 18:40:53 note: Installation Complete
2019/05/11 18:40:53 Ending cygwin install
